[ 2017-09-15T00:15:17+08:00 ] 127.0.0.1 /shop/index.php/Admin/Goods/listGoods
ERR: SQLSTATE[HY000] [1045] Access denied for user 'root'@'localhost' (using password: NO)

[ 2017-09-15T00:15:40+08:00 ] 127.0.0.1 /shop/index.php/Admin/Goods/listGoods
ERR: SQLSTATE[HY000] [1045] Access denied for user 'root'@'localhost' (using password: NO)

[ 2017-09-15T00:16:45+08:00 ] 127.0.0.1 /shop/index.php/Admin/Goods/listGoods
ERR: SQLSTATE[HY000] [1045] Access denied for user 'root'@'localhost' (using password: NO)

[ 2017-09-15T10:05:12+08:00 ] 127.0.0.1 /shop/index.php/Admin/Goods/listGoods
ERR: SQLSTATE[HY000] [1045] Access denied for user 'root'@'localhost' (using password: NO)

[ 2017-09-15T20:04:15+08:00 ] 127.0.0.1 /shop/index.php/Admin/Goods/listGoods
ERR: SQLSTATE[HY000] [1045] Access denied for user 'root'@'localhost' (using password: NO)

[ 2017-09-15T20:42:52+08:00 ] 127.0.0.1 /shop/index.php/Admin/Goods/add.html
INFO: [ app_begin ] --START--
INFO: Run Behavior\ReadHtmlCacheBehavior [ RunTime:0.001000s ]
INFO: [ app_begin ] --END-- [ RunTime:0.002000s ]

[ 2017-09-15T20:43:26+08:00 ] 127.0.0.1 /shop/index.php/Admin/Goods/add.html
INFO: [ app_begin ] --START--
INFO: Run Behavior\ReadHtmlCacheBehavior [ RunTime:0.000000s ]
INFO: [ app_begin ] --END-- [ RunTime:0.001000s ]

[ 2017-09-15T20:46:54+08:00 ] 127.0.0.1 /shop/index.php/Admin/Goods/add.html
INFO: [ app_begin ] --START--
INFO: Run Behavior\ReadHtmlCacheBehavior [ RunTime:0.001000s ]
INFO: [ app_begin ] --END-- [ RunTime:0.001000s ]
SQL: SHOW COLUMNS FROM `shop_goods` [ RunTime:0.0010s ]
NOTIC: [8] Undefined index: validate D:\wamp64\www\shop\ThinkPHP\Library\Think\Model.class.php 第 1185 行.

[ 2017-09-15T20:46:59+08:00 ] 127.0.0.1 /shop/index.php/Admin/Goods/add.html
INFO: [ app_begin ] --START--
INFO: Run Behavior\ReadHtmlCacheBehavior [ RunTime:0.001000s ]
INFO: [ app_begin ] --END-- [ RunTime:0.001000s ]
SQL: SHOW COLUMNS FROM `shop_goods` [ RunTime:0.0010s ]
NOTIC: [8] Undefined index: validate D:\wamp64\www\shop\ThinkPHP\Library\Think\Model.class.php 第 1185 行.
SQL: SELECT * FROM `shop_goods` WHERE `goods_name` = '倒是' LIMIT 1   [ RunTime:0.0010s ]

[ 2017-09-15T20:47:08+08:00 ] 127.0.0.1 /shop/index.php/Admin/Goods/add.html
INFO: [ app_begin ] --START--
INFO: Run Behavior\ReadHtmlCacheBehavior [ RunTime:0.001000s ]
INFO: [ app_begin ] --END-- [ RunTime:0.002000s ]
SQL: SHOW COLUMNS FROM `shop_goods` [ RunTime:0.0010s ]
NOTIC: [8] Undefined index: validate D:\wamp64\www\shop\ThinkPHP\Library\Think\Model.class.php 第 1185 行.
SQL: SELECT * FROM `shop_goods` WHERE `goods_name` = '倒是' LIMIT 1   [ RunTime:0.0010s ]
NOTIC: [8] Undefined index: auto D:\wamp64\www\shop\ThinkPHP\Library\Think\Model.class.php 第 1128 行.
NOTIC: [8] Undefined index: goods_logo D:\wamp64\www\shop\APP\Admin\Model\GoodsModel.class.php 第 28 行.
NOTIC: [8] Undefined index: goods_logo D:\wamp64\www\shop\APP\Admin\Model\GoodsModel.class.php 第 29 行.
NOTIC: [8] Undefined index: tmp_name D:\wamp64\www\shop\ThinkPHP\Library\Think\Upload.class.php 第 152 行.
NOTIC: [2] finfo_file(): Empty filename or path D:\wamp64\www\shop\ThinkPHP\Library\Think\Upload.class.php 第 152 行.
NOTIC: [8] Undefined index: error D:\wamp64\www\shop\ThinkPHP\Library\Think\Upload.class.php 第 269 行.
NOTIC: [8] Undefined index: tmp_name D:\wamp64\www\shop\ThinkPHP\Library\Think\Upload.class.php 第 280 行.
SQL: INSERT INTO `shop_goods` (`goods_name`,`price`,`goods_desc`,`is_on_sale`,`addtime`) VALUES ('倒是','123','','1','1505479627') [ RunTime:0.0230s ]

[ 2017-09-15T20:47:58+08:00 ] 127.0.0.1 /shop/index.php/Admin/Goods/add.html
INFO: [ app_begin ] --START--
INFO: Run Behavior\ReadHtmlCacheBehavior [ RunTime:0.001000s ]
INFO: [ app_begin ] --END-- [ RunTime:0.002000s ]
SQL: SHOW COLUMNS FROM `shop_goods` [ RunTime:0.0020s ]
NOTIC: [8] Undefined index: validate D:\wamp64\www\shop\ThinkPHP\Library\Think\Model.class.php 第 1185 行.
SQL: SELECT * FROM `shop_goods` WHERE `goods_name` = '到时' LIMIT 1   [ RunTime:0.0010s ]
NOTIC: [8] Undefined index: auto D:\wamp64\www\shop\ThinkPHP\Library\Think\Model.class.php 第 1128 行.
NOTIC: [8] Undefined index: goods_logo D:\wamp64\www\shop\APP\Admin\Model\GoodsModel.class.php 第 28 行.
NOTIC: [8] Undefined index: goods_logo D:\wamp64\www\shop\APP\Admin\Model\GoodsModel.class.php 第 29 行.
NOTIC: [8] Undefined index: tmp_name D:\wamp64\www\shop\ThinkPHP\Library\Think\Upload.class.php 第 152 行.
NOTIC: [2] finfo_file(): Empty filename or path D:\wamp64\www\shop\ThinkPHP\Library\Think\Upload.class.php 第 152 行.
NOTIC: [8] Undefined index: error D:\wamp64\www\shop\ThinkPHP\Library\Think\Upload.class.php 第 269 行.
NOTIC: [8] Undefined index: tmp_name D:\wamp64\www\shop\ThinkPHP\Library\Think\Upload.class.php 第 280 行.
SQL: INSERT INTO `shop_goods` (`goods_name`,`price`,`goods_desc`,`is_on_sale`,`addtime`) VALUES ('到时','233','','1','1505479678') [ RunTime:0.0010s ]

[ 2017-09-15T20:50:49+08:00 ] 127.0.0.1 /shop/index.php/Admin/Goods/add.html
INFO: [ app_begin ] --START--
INFO: Run Behavior\ReadHtmlCacheBehavior [ RunTime:0.001000s ]
INFO: [ app_begin ] --END-- [ RunTime:0.001000s ]
SQL: SHOW COLUMNS FROM `shop_goods` [ RunTime:0.0010s ]
NOTIC: [8] Undefined index: validate D:\wamp64\www\shop\ThinkPHP\Library\Think\Model.class.php 第 1185 行.

[ 2017-09-15T20:50:55+08:00 ] 127.0.0.1 /shop/index.php/Admin/Goods/add.html
INFO: [ app_begin ] --START--
INFO: Run Behavior\ReadHtmlCacheBehavior [ RunTime:0.001000s ]
INFO: [ app_begin ] --END-- [ RunTime:0.001000s ]
SQL: SHOW COLUMNS FROM `shop_goods` [ RunTime:0.0010s ]
NOTIC: [8] Undefined index: validate D:\wamp64\www\shop\ThinkPHP\Library\Think\Model.class.php 第 1185 行.
SQL: SELECT * FROM `shop_goods` WHERE `goods_name` = '到时' LIMIT 1   [ RunTime:0.0000s ]

[ 2017-09-15T20:50:58+08:00 ] 127.0.0.1 /shop/index.php/Admin/Goods/add.html
INFO: [ app_begin ] --START--
INFO: Run Behavior\ReadHtmlCacheBehavior [ RunTime:0.000000s ]
INFO: [ app_begin ] --END-- [ RunTime:0.001000s ]
SQL: SHOW COLUMNS FROM `shop_goods` [ RunTime:0.0010s ]
NOTIC: [8] Undefined index: validate D:\wamp64\www\shop\ThinkPHP\Library\Think\Model.class.php 第 1185 行.
SQL: SELECT * FROM `shop_goods` WHERE `goods_name` = '到时' LIMIT 1   [ RunTime:0.0010s ]

[ 2017-09-15T20:51:07+08:00 ] 127.0.0.1 /shop/index.php/Admin/Goods/add.html
INFO: [ app_begin ] --START--
INFO: Run Behavior\ReadHtmlCacheBehavior [ RunTime:0.001000s ]
INFO: [ app_begin ] --END-- [ RunTime:0.001000s ]
SQL: SHOW COLUMNS FROM `shop_goods` [ RunTime:0.0010s ]
NOTIC: [8] Undefined index: validate D:\wamp64\www\shop\ThinkPHP\Library\Think\Model.class.php 第 1185 行.
SQL: SELECT * FROM `shop_goods` WHERE `goods_name` = '到时宿舍' LIMIT 1   [ RunTime:0.0010s ]

[ 2017-09-15T20:51:29+08:00 ] 127.0.0.1 /shop/index.php/Admin/Goods/add.html
INFO: [ app_begin ] --START--
INFO: Run Behavior\ReadHtmlCacheBehavior [ RunTime:0.001000s ]
INFO: [ app_begin ] --END-- [ RunTime:0.001000s ]
SQL: SHOW COLUMNS FROM `shop_goods` [ RunTime:0.0010s ]
NOTIC: [8] Undefined index: validate D:\wamp64\www\shop\ThinkPHP\Library\Think\Model.class.php 第 1185 行.
SQL: SELECT * FROM `shop_goods` WHERE `goods_name` = '到时宿舍' LIMIT 1   [ RunTime:0.0010s ]
NOTIC: [8] Undefined index: auto D:\wamp64\www\shop\ThinkPHP\Library\Think\Model.class.php 第 1128 行.
NOTIC: [8] Undefined index: goods_logo D:\wamp64\www\shop\APP\Admin\Model\GoodsModel.class.php 第 28 行.
NOTIC: [8] Undefined index: goods_logo D:\wamp64\www\shop\APP\Admin\Model\GoodsModel.class.php 第 29 行.
NOTIC: [8] Undefined index: tmp_name D:\wamp64\www\shop\ThinkPHP\Library\Think\Upload.class.php 第 152 行.
NOTIC: [2] finfo_file(): Empty filename or path D:\wamp64\www\shop\ThinkPHP\Library\Think\Upload.class.php 第 152 行.
NOTIC: [8] Undefined index: error D:\wamp64\www\shop\ThinkPHP\Library\Think\Upload.class.php 第 269 行.
NOTIC: [8] Undefined index: tmp_name D:\wamp64\www\shop\ThinkPHP\Library\Think\Upload.class.php 第 280 行.
SQL: INSERT INTO `shop_goods` (`goods_name`,`price`,`goods_desc`,`is_on_sale`,`addtime`) VALUES ('到时宿舍','233','','1','1505479889') [ RunTime:0.0010s ]

[ 2017-09-15T21:14:04+08:00 ] 127.0.0.1 /shop/index.php/Admin/Goods/index
ERR: 非法操作:index

[ 2017-09-15T21:14:47+08:00 ] 127.0.0.1 /shop/index.php/Admin/Goods/index
ERR: 非法操作:index

[ 2017-09-15T21:14:53+08:00 ] 127.0.0.1 /shop/index.php/Admin/Index/Styles/general.css
ERR: 非法操作:Styles

[ 2017-09-15T21:14:53+08:00 ] 127.0.0.1 /shop/index.php/Admin/Index/Js/utils.js
ERR: 非法操作:Js

[ 2017-09-15T21:14:53+08:00 ] 127.0.0.1 /shop/index.php/Admin/Index/Js/global.js
ERR: 非法操作:Js

[ 2017-09-15T21:14:53+08:00 ] 127.0.0.1 /shop/index.php/Admin/Index/Js/transport.js
ERR: 非法操作:Js

[ 2017-09-15T21:14:53+08:00 ] 127.0.0.1 /shop/index.php/Admin/Index/Styles/general.css
ERR: 非法操作:Styles

[ 2017-09-15T21:14:53+08:00 ] 127.0.0.1 /shop/index.php/Admin/Index/Styles/main.css
ERR: 非法操作:Styles

[ 2017-09-15T21:14:53+08:00 ] 127.0.0.1 /shop/index.php/Admin/Index/Js/utils.js
ERR: 非法操作:Js

[ 2017-09-15T21:14:53+08:00 ] 127.0.0.1 /shop/index.php/Admin/Index/Js/transport.js
ERR: 非法操作:Js

[ 2017-09-15T21:15:11+08:00 ] 127.0.0.1 /shop/index.php/Admin/Index/Styles/general.css
ERR: 非法操作:Styles

[ 2017-09-15T21:15:11+08:00 ] 127.0.0.1 /shop/index.php/Admin/Index/Styles/main.css
ERR: 非法操作:Styles

[ 2017-09-15T21:15:15+08:00 ] 127.0.0.1 /shop/index.php/Admin/Index/Styles/general.css
ERR: 非法操作:Styles

[ 2017-09-15T21:15:15+08:00 ] 127.0.0.1 /shop/index.php/Admin/Index/Js/global.js
ERR: 非法操作:Js

[ 2017-09-15T21:15:15+08:00 ] 127.0.0.1 /shop/index.php/Admin/Index/Js/transport.js
ERR: 非法操作:Js

[ 2017-09-15T21:15:15+08:00 ] 127.0.0.1 /shop/index.php/Admin/Index/Js/utils.js
ERR: 非法操作:Js

[ 2017-09-15T21:15:15+08:00 ] 127.0.0.1 /shop/index.php/Admin/Index/Js/transport.js
ERR: 非法操作:Js

[ 2017-09-15T21:15:37+08:00 ] 127.0.0.1 /shop/index.php/Admin/Index/Styles/general.css
ERR: 非法操作:Styles

[ 2017-09-15T21:16:36+08:00 ] 127.0.0.1 /shop/index.php/Admin/Index/Styles/general.css
ERR: 非法操作:Styles

[ 2017-09-15T21:16:40+08:00 ] 127.0.0.1 /shop/index.php/Admin/Index/Styles/main.css
ERR: 非法操作:Styles

[ 2017-09-15T21:16:40+08:00 ] 127.0.0.1 /shop/index.php/Admin/Index/Styles/general.css
ERR: 非法操作:Styles

[ 2017-09-15T21:16:40+08:00 ] 127.0.0.1 /shop/index.php/Admin/Index/Js/global.js
ERR: 非法操作:Js

[ 2017-09-15T21:16:40+08:00 ] 127.0.0.1 /shop/index.php/Admin/Index/Js/utils.js
ERR: 非法操作:Js

[ 2017-09-15T21:16:40+08:00 ] 127.0.0.1 /shop/index.php/Admin/Index/Js/transport.js
ERR: 非法操作:Js

[ 2017-09-15T21:16:40+08:00 ] 127.0.0.1 /shop/index.php/Admin/Index/Styles/general.css
ERR: 非法操作:Styles

[ 2017-09-15T21:26:16+08:00 ] 127.0.0.1 /shop/index.php/Admin/Index/Js/utils.js
ERR: 非法操作:Js

[ 2017-09-15T21:26:16+08:00 ] 127.0.0.1 /shop/index.php/Admin/Index/Js/global.js
ERR: 非法操作:Js

[ 2017-09-15T21:26:16+08:00 ] 127.0.0.1 /shop/index.php/Admin/Index/Js/transport.js
ERR: 非法操作:Js

[ 2017-09-15T21:26:16+08:00 ] 127.0.0.1 /shop/index.php/Admin/Index/Js/utils.js
ERR: 非法操作:Js

[ 2017-09-15T21:26:16+08:00 ] 127.0.0.1 /shop/index.php/Admin/Index/Js/transport.js
ERR: 非法操作:Js

[ 2017-09-15T21:26:37+08:00 ] 127.0.0.1 /shop/index.php/Admin/Index/Js/utils.js
ERR: 非法操作:Js

[ 2017-09-15T21:26:37+08:00 ] 127.0.0.1 /shop/index.php/Admin/Index/Js/transport.js
ERR: 非法操作:Js

[ 2017-09-15T21:26:37+08:00 ] 127.0.0.1 /shop/index.php/Admin/Index/Js/global.js
ERR: 非法操作:Js

[ 2017-09-15T21:26:37+08:00 ] 127.0.0.1 /shop/index.php/Admin/Index/Js/utils.js
ERR: 非法操作:Js

[ 2017-09-15T21:26:37+08:00 ] 127.0.0.1 /shop/index.php/Admin/Index/Js/transport.js
ERR: 非法操作:Js

[ 2017-09-15T21:28:11+08:00 ] 127.0.0.1 /shop/index.php/Admin/Index/Js/transport.js
ERR: 非法操作:Js

[ 2017-09-15T21:28:11+08:00 ] 127.0.0.1 /shop/index.php/Admin/Index/Js/utils.js
ERR: 非法操作:Js

[ 2017-09-15T21:28:11+08:00 ] 127.0.0.1 /shop/index.php/Admin/Index/Js/global.js
ERR: 非法操作:Js

[ 2017-09-15T21:28:12+08:00 ] 127.0.0.1 /shop/index.php/Admin/Index/Js/utils.js
ERR: 非法操作:Js

[ 2017-09-15T21:28:12+08:00 ] 127.0.0.1 /shop/index.php/Admin/Index/Js/transport.js
ERR: 非法操作:Js

[ 2017-09-15T21:29:22+08:00 ] 127.0.0.1 /shop/index.php/Admin/Index/index
INFO: [ app_init ] --START--
INFO: Run Behavior\BuildLiteBehavior [ RunTime:0.000000s ]
INFO: [ app_init ] --END-- [ RunTime:0.000000s ]
INFO: [ app_begin ] --START--
INFO: Run Behavior\ReadHtmlCacheBehavior [ RunTime:0.001000s ]
INFO: [ app_begin ] --END-- [ RunTime:0.001000s ]
INFO: [ view_parse ] --START--
INFO: [ template_filter ] --START--
INFO: Run Behavior\ContentReplaceBehavior [ RunTime:0.000000s ]
INFO: [ template_filter ] --END-- [ RunTime:0.000000s ]
INFO: Run Behavior\ParseTemplateBehavior [ RunTime:0.011001s ]
INFO: [ view_parse ] --END-- [ RunTime:0.012001s ]
INFO: [ view_filter ] --START--
INFO: Run Behavior\WriteHtmlCacheBehavior [ RunTime:0.001000s ]
INFO: [ view_filter ] --END-- [ RunTime:0.002000s ]
INFO: [ app_end ] --START--
INFO: Run Behavior\ShowPageTraceBehavior [ RunTime:0.002000s ]
INFO: [ app_end ] --END-- [ RunTime:0.002000s ]

[ 2017-09-15T21:29:22+08:00 ] 127.0.0.1 /shop/index.php/Admin/Index/top.html
INFO: [ app_init ] --START--
INFO: Run Behavior\BuildLiteBehavior [ RunTime:0.000000s ]
INFO: [ app_init ] --END-- [ RunTime:0.001000s ]
INFO: [ app_begin ] --START--
INFO: Run Behavior\ReadHtmlCacheBehavior [ RunTime:0.001000s ]
INFO: [ app_begin ] --END-- [ RunTime:0.005000s ]
INFO: [ view_parse ] --START--
INFO: [ template_filter ] --START--
INFO: Run Behavior\ContentReplaceBehavior [ RunTime:0.001000s ]
INFO: [ template_filter ] --END-- [ RunTime:0.001000s ]
INFO: Run Behavior\ParseTemplateBehavior [ RunTime:0.020001s ]
INFO: [ view_parse ] --END-- [ RunTime:0.020001s ]
INFO: [ view_filter ] --START--
INFO: Run Behavior\WriteHtmlCacheBehavior [ RunTime:0.001001s ]
INFO: [ view_filter ] --END-- [ RunTime:0.002001s ]
INFO: [ app_end ] --START--
INFO: Run Behavior\ShowPageTraceBehavior [ RunTime:0.001000s ]
INFO: [ app_end ] --END-- [ RunTime:0.003000s ]

[ 2017-09-15T21:29:22+08:00 ] 127.0.0.1 /shop/index.php/Admin/Index/main.html
INFO: [ app_init ] --START--
INFO: Run Behavior\BuildLiteBehavior [ RunTime:0.000000s ]
INFO: [ app_init ] --END-- [ RunTime:0.001000s ]
INFO: [ app_begin ] --START--
INFO: Run Behavior\ReadHtmlCacheBehavior [ RunTime:0.001000s ]
INFO: [ app_begin ] --END-- [ RunTime:0.002000s ]
INFO: [ view_parse ] --START--
INFO: [ template_filter ] --START--
INFO: Run Behavior\ContentReplaceBehavior [ RunTime:0.000000s ]
INFO: [ template_filter ] --END-- [ RunTime:0.001000s ]
INFO: Run Behavior\ParseTemplateBehavior [ RunTime:0.016001s ]
INFO: [ view_parse ] --END-- [ RunTime:0.017001s ]
INFO: [ view_filter ] --START--
INFO: Run Behavior\WriteHtmlCacheBehavior [ RunTime:0.001000s ]
INFO: [ view_filter ] --END-- [ RunTime:0.001000s ]
INFO: [ app_end ] --START--
INFO: Run Behavior\ShowPageTraceBehavior [ RunTime:0.001000s ]
INFO: [ app_end ] --END-- [ RunTime:0.001000s ]

[ 2017-09-15T21:29:22+08:00 ] 127.0.0.1 /shop/index.php/Admin/Index/menu.html
INFO: [ app_init ] --START--
INFO: Run Behavior\BuildLiteBehavior [ RunTime:0.000000s ]
INFO: [ app_init ] --END-- [ RunTime:0.001000s ]
INFO: [ app_begin ] --START--
INFO: Run Behavior\ReadHtmlCacheBehavior [ RunTime:0.001000s ]
INFO: [ app_begin ] --END-- [ RunTime:0.001000s ]
INFO: [ view_parse ] --START--
INFO: [ template_filter ] --START--
INFO: Run Behavior\ContentReplaceBehavior [ RunTime:0.000000s ]
INFO: [ template_filter ] --END-- [ RunTime:0.002000s ]
INFO: Run Behavior\ParseTemplateBehavior [ RunTime:0.019001s ]
INFO: [ view_parse ] --END-- [ RunTime:0.020001s ]
INFO: [ view_filter ] --START--
INFO: Run Behavior\WriteHtmlCacheBehavior [ RunTime:0.000000s ]
INFO: [ view_filter ] --END-- [ RunTime:0.001001s ]
INFO: [ app_end ] --START--
INFO: Run Behavior\ShowPageTraceBehavior [ RunTime:0.004000s ]
INFO: [ app_end ] --END-- [ RunTime:0.004000s ]

[ 2017-09-15T21:29:22+08:00 ] 127.0.0.1 /shop/index.php/Admin/Index/Js/global.js
INFO: [ app_init ] --START--
INFO: Run Behavior\BuildLiteBehavior [ RunTime:0.000000s ]
INFO: [ app_init ] --END-- [ RunTime:0.001000s ]
INFO: [ app_begin ] --START--
INFO: Run Behavior\ReadHtmlCacheBehavior [ RunTime:0.001000s ]
INFO: [ app_begin ] --END-- [ RunTime:0.001000s ]
ERR: 非法操作:Js

[ 2017-09-15T21:29:22+08:00 ] 127.0.0.1 /shop/index.php/Admin/Index/Js/utils.js
INFO: [ app_init ] --START--
INFO: Run Behavior\BuildLiteBehavior [ RunTime:0.000000s ]
INFO: [ app_init ] --END-- [ RunTime:0.002000s ]
INFO: [ app_begin ] --START--
INFO: Run Behavior\ReadHtmlCacheBehavior [ RunTime:0.002000s ]
INFO: [ app_begin ] --END-- [ RunTime:0.002000s ]
ERR: 非法操作:Js

[ 2017-09-15T21:29:22+08:00 ] 127.0.0.1 /shop/index.php/Admin/Index/Js/transport.js
INFO: [ app_init ] --START--
INFO: Run Behavior\BuildLiteBehavior [ RunTime:0.000000s ]
INFO: [ app_init ] --END-- [ RunTime:0.001000s ]
INFO: [ app_begin ] --START--
INFO: Run Behavior\ReadHtmlCacheBehavior [ RunTime:0.001000s ]
INFO: [ app_begin ] --END-- [ RunTime:0.001000s ]
ERR: 非法操作:Js

[ 2017-09-15T21:29:30+08:00 ] 127.0.0.1 /shop/index.php/Admin/Index/Js/transport.js
ERR: 非法操作:Js

[ 2017-09-15T21:29:30+08:00 ] 127.0.0.1 /shop/index.php/Admin/Index/Js/utils.js
ERR: 非法操作:Js

[ 2017-09-15T21:29:30+08:00 ] 127.0.0.1 /shop/index.php/Admin/Index/Js/global.js
ERR: 非法操作:Js

[ 2017-09-15T21:29:30+08:00 ] 127.0.0.1 /shop/index.php/Admin/Index/Js/utils.js
ERR: 非法操作:Js

[ 2017-09-15T21:29:30+08:00 ] 127.0.0.1 /shop/index.php/Admin/Index/Js/transport.js
ERR: 非法操作:Js

[ 2017-09-15T21:29:42+08:00 ] 127.0.0.1 /shop/index.php/Admin/Index/Js/utils.js
ERR: 非法操作:Js

[ 2017-09-15T21:29:42+08:00 ] 127.0.0.1 /shop/index.php/Admin/Index/Js/transport.js
ERR: 非法操作:Js

[ 2017-09-15T21:29:42+08:00 ] 127.0.0.1 /shop/index.php/Admin/Index/Js/global.js
ERR: 非法操作:Js

[ 2017-09-15T21:29:42+08:00 ] 127.0.0.1 /shop/index.php/Admin/Index/Js/utils.js
ERR: 非法操作:Js

[ 2017-09-15T21:29:42+08:00 ] 127.0.0.1 /shop/index.php/Admin/Index/Js/transport.js
ERR: 非法操作:Js

[ 2017-09-15T21:32:59+08:00 ] 127.0.0.1 /shop/index.php/Admin/Index/goodsList.html
ERR: 非法操作:goodsList

[ 2017-09-15T21:34:47+08:00 ] 127.0.0.1 /shop/index.php/Admin/Index/orderList.html
ERR: 非法操作:orderList

[ 2017-09-15T22:03:04+08:00 ] 127.0.0.1 /shop/index.php/Admin/Goods/add.html
INFO: [ app_begin ] --START--
INFO: Run Behavior\ReadHtmlCacheBehavior [ RunTime:0.001000s ]
INFO: [ app_begin ] --END-- [ RunTime:0.001000s ]
SQL: SHOW COLUMNS FROM `shop_goods` [ RunTime:0.0810s ]
NOTIC: [8] Undefined index: validate D:\wamp64\www\shop\ThinkPHP\Library\Think\Model.class.php 第 1185 行.

[ 2017-09-15T22:03:09+08:00 ] 127.0.0.1 /shop/index.php/Admin/Goods/add.html
INFO: [ app_begin ] --START--
INFO: Run Behavior\ReadHtmlCacheBehavior [ RunTime:0.001000s ]
INFO: [ app_begin ] --END-- [ RunTime:0.002000s ]
SQL: SHOW COLUMNS FROM `shop_goods` [ RunTime:0.0950s ]
NOTIC: [8] Undefined index: validate D:\wamp64\www\shop\ThinkPHP\Library\Think\Model.class.php 第 1185 行.
SQL: SELECT * FROM `shop_goods` WHERE `goods_name` = 'ds' LIMIT 1   [ RunTime:0.0000s ]

[ 2017-09-15T22:07:23+08:00 ] 127.0.0.1 /shop/index.php/Admin/Goods/__GROUP__/Goods/goodsAdd
ERR: 非法操作:__GROUP__

