[ 2017-10-03T00:25:48+08:00 ] 127.0.0.1 /shop/index.php/Admin/Admin/switchState/id/7/state/1
INFO: [ app_begin ] --START--
INFO: Run Behavior\ReadHtmlCacheBehavior [ RunTime:0.001001s ]
INFO: [ app_begin ] --END-- [ RunTime:0.001001s ]
SQL: select * from shop_privilege where  `module_name`="Admin" AND `controller_name`="Admin" AND `action_name`="switchState" [ RunTime:0.0010s ]
SQL: SHOW COLUMNS FROM `shop_admin` [ RunTime:0.0010s ]
SQL: UPDATE `shop_admin` SET `is_use`='0' WHERE `id` = 7 [ RunTime:0.0000s ]
INFO: [ app_end ] --START--
INFO: Run Behavior\ShowPageTraceBehavior [ RunTime:0.000000s ]
INFO: [ app_end ] --END-- [ RunTime:0.001000s ]

[ 2017-10-03T00:26:22+08:00 ] 127.0.0.1 /shop/index.php/Admin/Admin/switchState/id/7/state/0
INFO: [ app_begin ] --START--
INFO: Run Behavior\ReadHtmlCacheBehavior [ RunTime:0.001000s ]
INFO: [ app_begin ] --END-- [ RunTime:0.001000s ]
SQL: select * from shop_privilege where  `module_name`="Admin" AND `controller_name`="Admin" AND `action_name`="switchState" [ RunTime:0.0000s ]
SQL: SHOW COLUMNS FROM `shop_admin` [ RunTime:0.0010s ]
SQL: UPDATE `shop_admin` SET `is_use`='1' WHERE `id` = 7 [ RunTime:0.0000s ]
INFO: [ app_end ] --START--
INFO: Run Behavior\ShowPageTraceBehavior [ RunTime:0.001000s ]
INFO: [ app_end ] --END-- [ RunTime:0.001000s ]

[ 2017-10-03T00:26:41+08:00 ] 127.0.0.1 /shop/index.php/Admin/Admin/switchState/id/6/state/1
INFO: [ app_begin ] --START--
INFO: Run Behavior\ReadHtmlCacheBehavior [ RunTime:0.000000s ]
INFO: [ app_begin ] --END-- [ RunTime:0.001000s ]
SQL: select * from shop_privilege where  `module_name`="Admin" AND `controller_name`="Admin" AND `action_name`="switchState" [ RunTime:0.0010s ]
SQL: SHOW COLUMNS FROM `shop_admin` [ RunTime:0.0010s ]
SQL: UPDATE `shop_admin` SET `is_use`='0' WHERE `id` = 6 [ RunTime:0.0000s ]
INFO: [ app_end ] --START--
INFO: Run Behavior\ShowPageTraceBehavior [ RunTime:0.000000s ]
INFO: [ app_end ] --END-- [ RunTime:0.000000s ]

[ 2017-10-03T00:27:29+08:00 ] 127.0.0.1 /shop/index.php/Admin/Admin/switchState/id/6/state/0
INFO: [ app_begin ] --START--
INFO: Run Behavior\ReadHtmlCacheBehavior [ RunTime:0.001000s ]
INFO: [ app_begin ] --END-- [ RunTime:0.002000s ]
SQL: select * from shop_privilege where  `module_name`="Admin" AND `controller_name`="Admin" AND `action_name`="switchState" [ RunTime:0.0010s ]
SQL: SHOW COLUMNS FROM `shop_admin` [ RunTime:0.0010s ]
SQL: UPDATE `shop_admin` SET `is_use`='1' WHERE `id` = 6 [ RunTime:0.0010s ]
INFO: [ app_end ] --START--
INFO: Run Behavior\ShowPageTraceBehavior [ RunTime:0.001000s ]
INFO: [ app_end ] --END-- [ RunTime:0.001000s ]

[ 2017-10-03T00:28:30+08:00 ] 127.0.0.1 /shop/index.php/Admin/Admin/switchState/id/7/state/1
INFO: [ app_begin ] --START--
INFO: Run Behavior\ReadHtmlCacheBehavior [ RunTime:0.000000s ]
INFO: [ app_begin ] --END-- [ RunTime:0.001000s ]
SQL: select * from shop_privilege where  `module_name`="Admin" AND `controller_name`="Admin" AND `action_name`="switchState" [ RunTime:0.0010s ]
SQL: SHOW COLUMNS FROM `shop_admin` [ RunTime:0.0010s ]
SQL: UPDATE `shop_admin` SET `is_use`='0' WHERE `id` = 7 [ RunTime:0.0010s ]
INFO: [ app_end ] --START--
INFO: Run Behavior\ShowPageTraceBehavior [ RunTime:0.001000s ]
INFO: [ app_end ] --END-- [ RunTime:0.001000s ]

[ 2017-10-03T00:28:30+08:00 ] 127.0.0.1 /shop/index.php/Admin/Admin/switchState/id/7/state/0
INFO: [ app_begin ] --START--
INFO: Run Behavior\ReadHtmlCacheBehavior [ RunTime:0.000000s ]
INFO: [ app_begin ] --END-- [ RunTime:0.001000s ]
SQL: select * from shop_privilege where  `module_name`="Admin" AND `controller_name`="Admin" AND `action_name`="switchState" [ RunTime:0.0000s ]
SQL: SHOW COLUMNS FROM `shop_admin` [ RunTime:0.0010s ]
SQL: UPDATE `shop_admin` SET `is_use`='1' WHERE `id` = 7 [ RunTime:0.0010s ]
INFO: [ app_end ] --START--
INFO: Run Behavior\ShowPageTraceBehavior [ RunTime:0.001000s ]
INFO: [ app_end ] --END-- [ RunTime:0.001000s ]

[ 2017-10-03T00:28:31+08:00 ] 127.0.0.1 /shop/index.php/Admin/Admin/switchState/id/7/state/1
INFO: [ app_begin ] --START--
INFO: Run Behavior\ReadHtmlCacheBehavior [ RunTime:0.000000s ]
INFO: [ app_begin ] --END-- [ RunTime:0.001000s ]
SQL: select * from shop_privilege where  `module_name`="Admin" AND `controller_name`="Admin" AND `action_name`="switchState" [ RunTime:0.0000s ]
SQL: SHOW COLUMNS FROM `shop_admin` [ RunTime:0.0010s ]
SQL: UPDATE `shop_admin` SET `is_use`='0' WHERE `id` = 7 [ RunTime:0.0000s ]
INFO: [ app_end ] --START--
INFO: Run Behavior\ShowPageTraceBehavior [ RunTime:0.000000s ]
INFO: [ app_end ] --END-- [ RunTime:0.000000s ]

[ 2017-10-03T00:28:36+08:00 ] 127.0.0.1 /shop/index.php/Admin/Admin/switchState/id/7/state/0
INFO: [ app_begin ] --START--
INFO: Run Behavior\ReadHtmlCacheBehavior [ RunTime:0.000000s ]
INFO: [ app_begin ] --END-- [ RunTime:0.001000s ]
SQL: select * from shop_privilege where  `module_name`="Admin" AND `controller_name`="Admin" AND `action_name`="switchState" [ RunTime:0.0010s ]
SQL: SHOW COLUMNS FROM `shop_admin` [ RunTime:0.0010s ]
SQL: UPDATE `shop_admin` SET `is_use`='1' WHERE `id` = 7 [ RunTime:0.0000s ]
INFO: [ app_end ] --START--
INFO: Run Behavior\ShowPageTraceBehavior [ RunTime:0.001000s ]
INFO: [ app_end ] --END-- [ RunTime:0.001000s ]

[ 2017-10-03T00:29:21+08:00 ] 127.0.0.1 /shop/index.php/Admin/Admin/switchState/id/6/state/1
INFO: [ app_begin ] --START--
INFO: Run Behavior\ReadHtmlCacheBehavior [ RunTime:0.000000s ]
INFO: [ app_begin ] --END-- [ RunTime:0.001000s ]
SQL: select c.* from shop_admin_role a LEFT JOIN shop_role_privilege b on a.role_id=b.role_id LEFT JOIN shop_privilege c on b.pri_id=c.id where a.admin_id=6 AND  `module_name`="Admin" AND `controller_name`="Admin" AND `action_name`="switchState" [ RunTime:0.0010s ]
SQL: SHOW COLUMNS FROM `shop_admin` [ RunTime:0.0010s ]
SQL: UPDATE `shop_admin` SET `is_use`='0' WHERE `id` = 6 [ RunTime:0.0010s ]
INFO: [ app_end ] --START--
INFO: Run Behavior\ShowPageTraceBehavior [ RunTime:0.000000s ]
INFO: [ app_end ] --END-- [ RunTime:0.000000s ]

[ 2017-10-03T00:29:26+08:00 ] 127.0.0.1 /shop/index.php/Admin/Admin/switchState/id/6/state/0
INFO: [ app_begin ] --START--
INFO: Run Behavior\ReadHtmlCacheBehavior [ RunTime:0.002000s ]
INFO: [ app_begin ] --END-- [ RunTime:0.003000s ]
SQL: select c.* from shop_admin_role a LEFT JOIN shop_role_privilege b on a.role_id=b.role_id LEFT JOIN shop_privilege c on b.pri_id=c.id where a.admin_id=6 AND  `module_name`="Admin" AND `controller_name`="Admin" AND `action_name`="switchState" [ RunTime:0.0020s ]
SQL: SHOW COLUMNS FROM `shop_admin` [ RunTime:0.0010s ]
SQL: UPDATE `shop_admin` SET `is_use`='1' WHERE `id` = 6 [ RunTime:0.0010s ]
INFO: [ app_end ] --START--
INFO: Run Behavior\ShowPageTraceBehavior [ RunTime:0.000000s ]
INFO: [ app_end ] --END-- [ RunTime:0.000000s ]

[ 2017-10-03T01:20:34+08:00 ] 127.0.0.1 /shop/index.php/Admin/Admin/switchState/id/6/state/0
INFO: [ app_begin ] --START--
INFO: Run Behavior\ReadHtmlCacheBehavior [ RunTime:0.000000s ]
INFO: [ app_begin ] --END-- [ RunTime:0.001000s ]
SQL: select c.* from shop_admin_role a LEFT JOIN shop_role_privilege b on a.role_id=b.role_id LEFT JOIN shop_privilege c on b.pri_id=c.id where a.admin_id=6 AND  `module_name`="Admin" AND `controller_name`="Admin" AND `action_name`="switchState" [ RunTime:0.0010s ]
SQL: SHOW COLUMNS FROM `shop_admin` [ RunTime:0.0010s ]
SQL: UPDATE `shop_admin` SET `is_use`='1' WHERE `id` = 6 [ RunTime:0.0010s ]
INFO: [ app_end ] --START--
INFO: Run Behavior\ShowPageTraceBehavior [ RunTime:0.001000s ]
INFO: [ app_end ] --END-- [ RunTime:0.002000s ]

[ 2017-10-03T01:30:39+08:00 ] 127.0.0.1 /shop/index.php/Admin/Admin/switchState/id/8/state/1
INFO: [ app_begin ] --START--
INFO: Run Behavior\ReadHtmlCacheBehavior [ RunTime:0.001001s ]
INFO: [ app_begin ] --END-- [ RunTime:0.003001s ]
SQL: select * from shop_privilege where  `module_name`="Admin" AND `controller_name`="Admin" AND `action_name`="switchState" [ RunTime:0.0010s ]
SQL: SHOW COLUMNS FROM `shop_admin` [ RunTime:0.0010s ]
SQL: UPDATE `shop_admin` SET `is_use`='0' WHERE `id` = 8 [ RunTime:0.0000s ]
INFO: [ app_end ] --START--
INFO: Run Behavior\ShowPageTraceBehavior [ RunTime:0.000000s ]
INFO: [ app_end ] --END-- [ RunTime:0.000000s ]

[ 2017-10-03T01:40:41+08:00 ] 127.0.0.1 /shop/index.php/Admin/Index/menu.html
ERR: 1054:Unknown column 'd.id' in 'order clause'
 [ SQL语句 ] : select c.* from shop_admin_role a LEFT JOIN shop_role_privilege b on a.role_id=b.role_id LEFT JOIN shop_privilege c on b.pri_id=c.id where a.admin_id=1 order by d.id

[ 2017-10-03T01:42:01+08:00 ] 127.0.0.1 /shop/index.php/Admin/Admin/switchState/id/7/state/1
INFO: [ app_begin ] --START--
INFO: Run Behavior\ReadHtmlCacheBehavior [ RunTime:0.001000s ]
INFO: [ app_begin ] --END-- [ RunTime:0.002000s ]
SQL: select * from shop_privilege where  `module_name`="Admin" AND `controller_name`="Admin" AND `action_name`="switchState" [ RunTime:0.0010s ]
SQL: SHOW COLUMNS FROM `shop_admin` [ RunTime:0.0010s ]
SQL: UPDATE `shop_admin` SET `is_use`='0' WHERE `id` = 7 [ RunTime:0.0010s ]
INFO: [ app_end ] --START--
INFO: Run Behavior\ShowPageTraceBehavior [ RunTime:0.001000s ]
INFO: [ app_end ] --END-- [ RunTime:0.001000s ]

[ 2017-10-03T01:42:02+08:00 ] 127.0.0.1 /shop/index.php/Admin/Admin/switchState/id/7/state/0
INFO: [ app_begin ] --START--
INFO: Run Behavior\ReadHtmlCacheBehavior [ RunTime:0.001000s ]
INFO: [ app_begin ] --END-- [ RunTime:0.001000s ]
SQL: select * from shop_privilege where  `module_name`="Admin" AND `controller_name`="Admin" AND `action_name`="switchState" [ RunTime:0.0010s ]
SQL: SHOW COLUMNS FROM `shop_admin` [ RunTime:0.0010s ]
SQL: UPDATE `shop_admin` SET `is_use`='1' WHERE `id` = 7 [ RunTime:0.0000s ]
INFO: [ app_end ] --START--
INFO: Run Behavior\ShowPageTraceBehavior [ RunTime:0.001000s ]
INFO: [ app_end ] --END-- [ RunTime:0.001000s ]

